# JRE version: Java(TM) SE Runtime Environment (8.0-b132) (build 1.8.0-b132)
# Java VM: Java HotSpot(TM) 64-Bit Server VM (25.0-b70 mixed mode windows-amd64 compressed oops)
Heap:
 PSYoungGen      total 95232K, used 78093K [0x00000000eab00000, 0x00000000f1980000, 0x0000000100000000)
  eden space 83456K, 83% used [0x00000000eab00000,0x00000000eeefab40,0x00000000efc80000)
  from space 11776K, 72% used [0x00000000f0900000,0x00000000f1148c30,0x00000000f1480000)
  to   space 12800K, 0% used [0x00000000efc80000,0x00000000efc80000,0x00000000f0900000)
 ParOldGen       total 35840K, used 26596K [0x00000000c0000000, 0x00000000c2300000, 0x00000000eab00000)
  object space 35840K, 74% used [0x00000000c0000000,0x00000000c19f9310,0x00000000c2300000)
 Metaspace       used 43913K, capacity 45224K, committed 45312K, reserved 1087488K
  class space    used 6084K, capacity 6609K, committed 6656K, reserved 1048576K
GC Heap History (10 events):
Event: 9.965 GC heap before
{Heap before GC invocations=22 (full 2):
 PSYoungGen      total 76800K, used 75724K [0x00000000eab00000, 0x00000000f0b80000, 0x0000000100000000)
  eden space 72704K, 100% used [0x00000000eab00000,0x00000000ef200000,0x00000000ef200000)
  from space 4096K, 73% used [0x00000000ef200000,0x00000000ef4f3078,0x00000000ef600000)
  to   space 6144K, 0% used [0x00000000f0580000,0x00000000f0580000,0x00000000f0b80000)
 ParOldGen       total 17920K, used 12624K [0x00000000c0000000, 0x00000000c1180000, 0x00000000eab00000)
  object space 17920K, 70% used [0x00000000c0000000,0x00000000c0c54240,0x00000000c1180000)
 Metaspace       used 31253K, capacity 32020K, committed 32128K, reserved 1077248K
  class space    used 4178K, capacity 4458K, committed 4480K, reserved 1048576K
Event: 9.993 GC heap after
Heap after GC invocations=22 (full 2):
 PSYoungGen      total 84992K, used 6119K [0x00000000eab00000, 0x00000000f0b80000, 0x0000000100000000)
  eden space 78848K, 0% used [0x00000000eab00000,0x00000000eab00000,0x00000000ef800000)
  from space 6144K, 99% used [0x00000000f0580000,0x00000000f0b79d98,0x00000000f0b80000)
  to   space 8704K, 0% used [0x00000000efa80000,0x00000000efa80000,0x00000000f0300000)
 ParOldGen       total 17920K, used 16723K [0x00000000c0000000, 0x00000000c1180000, 0x00000000eab00000)
  object space 17920K, 93% used [0x00000000c0000000,0x00000000c1054d20,0x00000000c1180000)
 Metaspace       used 31253K, capacity 32020K, committed 32128K, reserved 1077248K
  class space    used 4178K, capacity 4458K, committed 4480K, reserved 1048576K
}
Event: 9.993 GC heap before
{Heap before GC invocations=23 (full 3):
 PSYoungGen      total 84992K, used 6119K [0x00000000eab00000, 0x00000000f0b80000, 0x0000000100000000)
  eden space 78848K, 0% used [0x00000000eab00000,0x00000000eab00000,0x00000000ef800000)
  from space 6144K, 99% used [0x00000000f0580000,0x00000000f0b79d98,0x00000000f0b80000)
  to   space 8704K, 0% used [0x00000000efa80000,0x00000000efa80000,0x00000000f0300000)
 ParOldGen       total 17920K, used 16723K [0x00000000c0000000, 0x00000000c1180000, 0x00000000eab00000)
  object space 17920K, 93% used [0x00000000c0000000,0x00000000c1054d20,0x00000000c1180000)
 Metaspace       used 31253K, capacity 32020K, committed 32128K, reserved 1077248K
  class space    used 4178K, capacity 4458K, committed 4480K, reserved 1048576K
Event: 10.181 GC heap after
Heap after GC invocations=23 (full 3):
 PSYoungGen      total 84992K, used 962K [0x00000000eab00000, 0x00000000f0b80000, 0x0000000100000000)
  eden space 78848K, 0% used [0x00000000eab00000,0x00000000eab00000,0x00000000ef800000)
  from space 6144K, 15% used [0x00000000f0580000,0x00000000f06708f8,0x00000000f0b80000)
  to   space 8704K, 0% used [0x00000000efa80000,0x00000000efa80000,0x00000000f0300000)
 ParOldGen       total 25088K, used 17496K [0x00000000c0000000, 0x00000000c1880000, 0x00000000eab00000)
  object space 25088K, 69% used [0x00000000c0000000,0x00000000c11161c0,0x00000000c1880000)
 Metaspace       used 31253K, capacity 32020K, committed 32128K, reserved 1077248K
  class space    used 4178K, capacity 4458K, committed 4480K, reserved 1048576K
}
Event: 12.759 GC heap before
{Heap before GC invocations=24 (full 3):
 PSYoungGen      total 84992K, used 79810K [0x00000000eab00000, 0x00000000f0b80000, 0x0000000100000000)
  eden space 78848K, 100% used [0x00000000eab00000,0x00000000ef800000,0x00000000ef800000)
  from space 6144K, 15% used [0x00000000f0580000,0x00000000f06708f8,0x00000000f0b80000)
  to   space 8704K, 0% used [0x00000000efa80000,0x00000000efa80000,0x00000000f0300000)
 ParOldGen       total 25088K, used 17496K [0x00000000c0000000, 0x00000000c1880000, 0x00000000eab00000)
  object space 25088K, 69% used [0x00000000c0000000,0x00000000c11161c0,0x00000000c1880000)
 Metaspace       used 36249K, capacity 37224K, committed 37376K, reserved 1081344K
  class space    used 4940K, capacity 5311K, committed 5376K, reserved 1048576K
Event: 12.798 GC heap after
Heap after GC invocations=24 (full 3):
 PSYoungGen      total 90112K, used 8697K [0x00000000eab00000, 0x00000000f1480000, 0x0000000100000000)
  eden space 81408K, 0% used [0x00000000eab00000,0x00000000eab00000,0x00000000efa80000)
  from space 8704K, 99% used [0x00000000efa80000,0x00000000f02fe600,0x00000000f0300000)
  to   space 11776K, 0% used [0x00000000f0900000,0x00000000f0900000,0x00000000f1480000)
 ParOldGen       total 25088K, used 21219K [0x00000000c0000000, 0x00000000c1880000, 0x00000000eab00000)
  object space 25088K, 84% used [0x00000000c0000000,0x00000000c14b8e78,0x00000000c1880000)
 Metaspace       used 36249K, capacity 37224K, committed 37376K, reserved 1081344K
  class space    used 4940K, capacity 5311K, committed 5376K, reserved 1048576K
}
Event: 12.798 GC heap before
{Heap before GC invocations=25 (full 4):
 PSYoungGen      total 90112K, used 8697K [0x00000000eab00000, 0x00000000f1480000, 0x0000000100000000)
  eden space 81408K, 0% used [0x00000000eab00000,0x00000000eab00000,0x00000000efa80000)
  from space 8704K, 99% used [0x00000000efa80000,0x00000000f02fe600,0x00000000f0300000)
  to   space 11776K, 0% used [0x00000000f0900000,0x00000000f0900000,0x00000000f1480000)
 ParOldGen       total 25088K, used 21219K [0x00000000c0000000, 0x00000000c1880000, 0x00000000eab00000)
  object space 25088K, 84% used [0x00000000c0000000,0x00000000c14b8e78,0x00000000c1880000)
 Metaspace       used 36249K, capacity 37224K, committed 37376K, reserved 1081344K
  class space    used 4940K, capacity 5311K, committed 5376K, reserved 1048576K
Event: 13.192 GC heap after
Heap after GC invocations=25 (full 4):
 PSYoungGen      total 90112K, used 1929K [0x00000000eab00000, 0x00000000f1480000, 0x0000000100000000)
  eden space 81408K, 0% used [0x00000000eab00000,0x00000000eab00000,0x00000000efa80000)
  from space 8704K, 22% used [0x00000000efa80000,0x00000000efc625e8,0x00000000f0300000)
  to   space 11776K, 0% used [0x00000000f0900000,0x00000000f0900000,0x00000000f1480000)
 ParOldGen       total 35840K, used 24784K [0x00000000c0000000, 0x00000000c2300000, 0x00000000eab00000)
  object space 35840K, 69% used [0x00000000c0000000,0x00000000c18342d0,0x00000000c2300000)
 Metaspace       used 36249K, capacity 37224K, committed 37376K, reserved 1081344K
  class space    used 4940K, capacity 5311K, committed 5376K, reserved 1048576K
}
Event: 14.510 GC heap before
{Heap before GC invocations=26 (full 4):
 PSYoungGen      total 90112K, used 83337K [0x00000000eab00000, 0x00000000f1480000, 0x0000000100000000)
  eden space 81408K, 100% used [0x00000000eab00000,0x00000000efa80000,0x00000000efa80000)
  from space 8704K, 22% used [0x00000000efa80000,0x00000000efc625e8,0x00000000f0300000)
  to   space 11776K, 0% used [0x00000000f0900000,0x00000000f0900000,0x00000000f1480000)
 ParOldGen       total 35840K, used 24784K [0x00000000c0000000, 0x00000000c2300000, 0x00000000eab00000)
  object space 35840K, 69% used [0x00000000c0000000,0x00000000c18342d0,0x00000000c2300000)
 Metaspace       used 37671K, capacity 38780K, committed 38912K, reserved 1083392K
  class space    used 5165K, capacity 5565K, committed 5632K, reserved 1048576K
Event: 14.566 GC heap after
Heap after GC invocations=26 (full 4):
 PSYoungGen      total 95232K, used 8483K [0x00000000eab00000, 0x00000000f1980000, 0x0000000100000000)
  eden space 83456K, 0% used [0x00000000eab00000,0x00000000eab00000,0x00000000efc80000)
  from space 11776K, 72% used [0x00000000f0900000,0x00000000f1148c30,0x00000000f1480000)
  to   space 12800K, 0% used [0x00000000efc80000,0x00000000efc80000,0x00000000f0900000)
 ParOldGen       total 35840K, used 26596K [0x00000000c0000000, 0x00000000c2300000, 0x00000000eab00000)
  object space 35840K, 74% used [0x00000000c0000000,0x00000000c19f9310,0x00000000c2300000)
 Metaspace       used 37671K, capacity 38780K, committed 38912K, reserved 1083392K
  class space    used 5165K, capacity 5565K, committed 5632K, reserved 1048576K
}

